[debug] [2020-05-24T16:54:06.673Z] ----------------------------------------------------------------------
[debug] [2020-05-24T16:54:06.677Z] Command:       /usr/local/bin/node /usr/local/bin/firebase serve
[debug] [2020-05-24T16:54:06.678Z] CLI Version:   8.4.0
[debug] [2020-05-24T16:54:06.678Z] Platform:      darwin
[debug] [2020-05-24T16:54:06.678Z] Node Version:  v10.16.1
[debug] [2020-05-24T16:54:06.681Z] Time:          Sun May 24 2020 19:54:06 GMT+0300 (Eastern European Summer Time)
[debug] [2020-05-24T16:54:06.681Z] ----------------------------------------------------------------------
[debug] [2020-05-24T16:54:06.681Z] 
[debug] [2020-05-24T16:54:06.699Z] > command requires scopes: ["email","openid","https://www.googleapis.com/auth/cloudplatformprojects.readonly","https://www.googleapis.com/auth/firebase","https://www.googleapis.com/auth/cloud-platform"]
[debug] [2020-05-24T16:54:06.701Z] > authorizing via signed-in user
[debug] [2020-05-24T16:54:06.701Z] [iam] checking project fireplace-public for permissions ["firebase.projects.get"]
[debug] [2020-05-24T16:54:06.707Z] >>> HTTP REQUEST POST https://cloudresourcemanager.googleapis.com/v1/projects/fireplace-public:testIamPermissions  
 {"permissions":["firebase.projects.get"]}
[debug] [2020-05-24T16:54:07.687Z] <<< HTTP RESPONSE 200 {"content-type":"application/json; charset=UTF-8","vary":"X-Origin, Referer, Origin,Accept-Encoding","date":"Sun, 24 May 2020 16:53:48 GMT","server":"ESF","cache-control":"private","x-xss-protection":"0","x-frame-options":"SAMEORIGIN","x-content-type-options":"nosniff","server-timing":"gfet4t7; dur=658","alt-svc":"h3-27=\":443\"; ma=2592000,h3-25=\":443\"; ma=2592000,h3-T050=\":443\"; ma=2592000,h3-Q050=\":443\"; ma=2592000,h3-Q049=\":443\"; ma=2592000,h3-Q048=\":443\"; ma=2592000,h3-Q046=\":443\"; ma=2592000,h3-Q043=\":443\"; ma=2592000,quic=\":443\"; ma=2592000; v=\"46,43\"","accept-ranges":"none","transfer-encoding":"chunked"}
[debug] [2020-05-24T16:54:07.689Z] >>> HTTP REQUEST GET https://firebase.googleapis.com/v1beta1/projects/fireplace-public  
 
[debug] [2020-05-24T16:54:08.107Z] <<< HTTP RESPONSE 200 {"content-type":"application/json; charset=UTF-8","vary":"X-Origin, Referer, Origin,Accept-Encoding","date":"Sun, 24 May 2020 16:53:48 GMT","server":"ESF","cache-control":"private","x-xss-protection":"0","x-frame-options":"SAMEORIGIN","x-content-type-options":"nosniff","alt-svc":"h3-27=\":443\"; ma=2592000,h3-25=\":443\"; ma=2592000,h3-T050=\":443\"; ma=2592000,h3-Q050=\":443\"; ma=2592000,h3-Q049=\":443\"; ma=2592000,h3-Q048=\":443\"; ma=2592000,h3-Q046=\":443\"; ma=2592000,h3-Q043=\":443\"; ma=2592000,quic=\":443\"; ma=2592000; v=\"46,43\"","accept-ranges":"none","transfer-encoding":"chunked"}
[info] 
[info] === Serving from '/Users/Ribal/GitHub/ng-flamelink-workspace'...
[info] 
[debug] [2020-05-24T16:54:08.113Z] >>> HTTP REQUEST GET https://firebase.googleapis.com/v1beta1/projects/fireplace-public/webApps/-/config  
 
[info] ✔  functions: Using node@10 from host. {"metadata":{"emulator":{"name":"functions"},"message":"Using node@10 from host."}}
[debug] [2020-05-24T16:54:08.918Z] <<< HTTP RESPONSE 200 {"content-type":"application/json; charset=UTF-8","vary":"X-Origin, Referer, Origin,Accept-Encoding","date":"Sun, 24 May 2020 16:53:49 GMT","server":"ESF","cache-control":"private","x-xss-protection":"0","x-frame-options":"SAMEORIGIN","x-content-type-options":"nosniff","alt-svc":"h3-27=\":443\"; ma=2592000,h3-25=\":443\"; ma=2592000,h3-T050=\":443\"; ma=2592000,h3-Q050=\":443\"; ma=2592000,h3-Q049=\":443\"; ma=2592000,h3-Q048=\":443\"; ma=2592000,h3-Q046=\":443\"; ma=2592000,h3-Q043=\":443\"; ma=2592000,quic=\":443\"; ma=2592000; v=\"46,43\"","accept-ranges":"none","transfer-encoding":"chunked"}
[info] i  functions: Watching "/Users/Ribal/GitHub/ng-flamelink-workspace/functions" for Cloud Functions... {"metadata":{"emulator":{"name":"functions"},"message":"Watching \"/Users/Ribal/GitHub/ng-flamelink-workspace/functions\" for Cloud Functions..."}}
[debug] [2020-05-24T16:54:08.984Z] [worker-pool] addWorker(~diagnostic~) {"metadata":{"emulator":{"name":"functions"},"message":"[worker-pool] addWorker(~diagnostic~)"}}
[debug] [2020-05-24T16:54:08.984Z] [worker-pool] Adding worker with key ~diagnostic~, total=1 {"metadata":{"emulator":{"name":"functions"},"message":"[worker-pool] Adding worker with key ~diagnostic~, total=1"}}
[debug] [2020-05-24T16:54:08.985Z] [worker-pool] submitWork(triggerId=) {"metadata":{"emulator":{"name":"functions"},"message":"[worker-pool] submitWork(triggerId=)"}}
[debug] [2020-05-24T16:54:08.985Z] [worker-~diagnostic~-41c8d593-dd4f-4ba1-8f6a-8bb8fc358729]: Assigning socketPath: /var/folders/ll/hz75d__x7772g8ryhp5z2jmm0000gn/T/fire_emu_57279.sock {"metadata":{"emulator":{"name":"functions"},"message":"[worker-~diagnostic~-41c8d593-dd4f-4ba1-8f6a-8bb8fc358729]: Assigning socketPath: /var/folders/ll/hz75d__x7772g8ryhp5z2jmm0000gn/T/fire_emu_57279.sock"}}
[debug] [2020-05-24T16:54:08.985Z] [worker-~diagnostic~-41c8d593-dd4f-4ba1-8f6a-8bb8fc358729]: BUSY {"metadata":{"emulator":{"name":"functions"},"message":"[worker-~diagnostic~-41c8d593-dd4f-4ba1-8f6a-8bb8fc358729]: BUSY"}}
[info] i  hosting[tests]: Serving hosting files from: public/tests {"metadata":{"emulator":{"name":"hosting"},"message":"Serving hosting files from: \u001b[1mpublic/tests\u001b[22m"}}
[info] ✔  hosting[tests]: Local server: http://localhost:5000 {"metadata":{"emulator":{"name":"hosting"},"message":"Local server: \u001b[4m\u001b[1mhttp://localhost:5000\u001b[22m\u001b[24m"}}
[debug] [2020-05-24T16:54:09.275Z] [runtime-status] [57279] Functions runtime initialized. {"cwd":"/Users/Ribal/GitHub/ng-flamelink-workspace/functions","node_version":"10.16.1"} {"metadata":{"emulator":{"name":"functions"},"message":"[runtime-status] [57279] Functions runtime initialized. {\"cwd\":\"/Users/Ribal/GitHub/ng-flamelink-workspace/functions\",\"node_version\":\"10.16.1\"}"}}
[debug] [2020-05-24T16:54:09.276Z] [runtime-status] [57279] Disabled runtime features: undefined {"metadata":{"emulator":{"name":"functions"},"message":"[runtime-status] [57279] Disabled runtime features: undefined"}}
[debug] [2020-05-24T16:54:09.278Z] [runtime-status] [57279] Resolved module firebase-admin {"declared":true,"installed":true,"version":"8.12.1","resolution":"/Users/Ribal/GitHub/ng-flamelink-workspace/functions/node_modules/firebase-admin/lib/index.js"} {"metadata":{"emulator":{"name":"functions"},"message":"[runtime-status] [57279] Resolved module firebase-admin {\"declared\":true,\"installed\":true,\"version\":\"8.12.1\",\"resolution\":\"/Users/Ribal/GitHub/ng-flamelink-workspace/functions/node_modules/firebase-admin/lib/index.js\"}"}}
[debug] [2020-05-24T16:54:09.279Z] [runtime-status] [57279] Resolved module firebase-functions {"declared":true,"installed":true,"version":"3.6.1","resolution":"/Users/Ribal/GitHub/ng-flamelink-workspace/functions/node_modules/firebase-functions/lib/index.js"} {"metadata":{"emulator":{"name":"functions"},"message":"[runtime-status] [57279] Resolved module firebase-functions {\"declared\":true,\"installed\":true,\"version\":\"3.6.1\",\"resolution\":\"/Users/Ribal/GitHub/ng-flamelink-workspace/functions/node_modules/firebase-functions/lib/index.js\"}"}}
[debug] [2020-05-24T16:54:09.282Z] [runtime-status] [57279] Outgoing network have been stubbed. [{"name":"http","status":"mocked"},{"name":"http","status":"mocked"},{"name":"https","status":"mocked"},{"name":"https","status":"mocked"},{"name":"net","status":"mocked"}] {"metadata":{"emulator":{"name":"functions"},"message":"[runtime-status] [57279] Outgoing network have been stubbed. [{\"name\":\"http\",\"status\":\"mocked\"},{\"name\":\"http\",\"status\":\"mocked\"},{\"name\":\"https\",\"status\":\"mocked\"},{\"name\":\"https\",\"status\":\"mocked\"},{\"name\":\"net\",\"status\":\"mocked\"}]"}}
[debug] [2020-05-24T16:54:09.331Z] [runtime-status] [57279] Checked functions.config() {"config":{}} {"metadata":{"emulator":{"name":"functions"},"message":"[runtime-status] [57279] Checked functions.config() {\"config\":{}}"}}
[debug] [2020-05-24T16:54:09.332Z] [runtime-status] [57279] Resolved module firebase-functions {"declared":true,"installed":true,"version":"3.6.1","resolution":"/Users/Ribal/GitHub/ng-flamelink-workspace/functions/node_modules/firebase-functions/lib/index.js"} {"metadata":{"emulator":{"name":"functions"},"message":"[runtime-status] [57279] Resolved module firebase-functions {\"declared\":true,\"installed\":true,\"version\":\"3.6.1\",\"resolution\":\"/Users/Ribal/GitHub/ng-flamelink-workspace/functions/node_modules/firebase-functions/lib/index.js\"}"}}
[debug] [2020-05-24T16:54:09.333Z] [runtime-status] [57279] Resolved module firebase-admin {"declared":true,"installed":true,"version":"8.12.1","resolution":"/Users/Ribal/GitHub/ng-flamelink-workspace/functions/node_modules/firebase-admin/lib/index.js"} {"metadata":{"emulator":{"name":"functions"},"message":"[runtime-status] [57279] Resolved module firebase-admin {\"declared\":true,\"installed\":true,\"version\":\"8.12.1\",\"resolution\":\"/Users/Ribal/GitHub/ng-flamelink-workspace/functions/node_modules/firebase-admin/lib/index.js\"}"}}
[debug] [2020-05-24T16:54:09.333Z] [runtime-status] [57279] Resolved module firebase-functions {"declared":true,"installed":true,"version":"3.6.1","resolution":"/Users/Ribal/GitHub/ng-flamelink-workspace/functions/node_modules/firebase-functions/lib/index.js"} {"metadata":{"emulator":{"name":"functions"},"message":"[runtime-status] [57279] Resolved module firebase-functions {\"declared\":true,\"installed\":true,\"version\":\"3.6.1\",\"resolution\":\"/Users/Ribal/GitHub/ng-flamelink-workspace/functions/node_modules/firebase-functions/lib/index.js\"}"}}
[debug] [2020-05-24T16:54:09.333Z] [runtime-status] [57279] firebase-admin has been stubbed. {"adminResolution":{"declared":true,"installed":true,"version":"8.12.1","resolution":"/Users/Ribal/GitHub/ng-flamelink-workspace/functions/node_modules/firebase-admin/lib/index.js"}} {"metadata":{"emulator":{"name":"functions"},"message":"[runtime-status] [57279] firebase-admin has been stubbed. {\"adminResolution\":{\"declared\":true,\"installed\":true,\"version\":\"8.12.1\",\"resolution\":\"/Users/Ribal/GitHub/ng-flamelink-workspace/functions/node_modules/firebase-admin/lib/index.js\"}}"}}
[info] ✔  functions[testsSSR]: http function initialized (http://localhost:5001/fireplace-public/us-central1/testsSSR). {"metadata":{"emulator":{"name":"functions"},"message":"\u001b[1mhttp\u001b[22m function initialized (http://localhost:5001/fireplace-public/us-central1/testsSSR)."}}
[debug] [2020-05-24T16:54:09.737Z] [worker-~diagnostic~-41c8d593-dd4f-4ba1-8f6a-8bb8fc358729]: IDLE {"metadata":{"emulator":{"name":"functions"},"message":"[worker-~diagnostic~-41c8d593-dd4f-4ba1-8f6a-8bb8fc358729]: IDLE"}}
